Traceback (most recent call last):
  File "/Users/nhlist/opt/miniconda3/envs/bb1000_ht23/lib/python3.9/site-packages/jupyter_cache/executors/utils.py", line 58, in single_nb_execution
    executenb(
  File "/Users/nhlist/opt/miniconda3/envs/bb1000_ht23/lib/python3.9/site-packages/nbclient/client.py", line 1204, in execute
    return NotebookClient(nb=nb, resources=resources, km=km, **kwargs).execute()
  File "/Users/nhlist/opt/miniconda3/envs/bb1000_ht23/lib/python3.9/site-packages/nbclient/util.py", line 84, in wrapped
    return just_run(coro(*args, **kwargs))
  File "/Users/nhlist/opt/miniconda3/envs/bb1000_ht23/lib/python3.9/site-packages/nbclient/util.py", line 62, in just_run
    return loop.run_until_complete(coro)
  File "/Users/nhlist/opt/miniconda3/envs/bb1000_ht23/lib/python3.9/asyncio/base_events.py", line 642, in run_until_complete
    return future.result()
  File "/Users/nhlist/opt/miniconda3/envs/bb1000_ht23/lib/python3.9/site-packages/nbclient/client.py", line 663, in async_execute
    await self.async_execute_cell(
  File "/Users/nhlist/opt/miniconda3/envs/bb1000_ht23/lib/python3.9/site-packages/nbclient/client.py", line 965, in async_execute_cell
    await self._check_raise_for_error(cell, cell_index, exec_reply)
  File "/Users/nhlist/opt/miniconda3/envs/bb1000_ht23/lib/python3.9/site-packages/nbclient/client.py", line 862, in _check_raise_for_error
    raise CellExecutionError.from_cell_and_msg(cell, exec_reply_content)
nbclient.exceptions.CellExecutionError: An error occurred while executing the following cell:
------------------
assert three == 3, error_message(three, 3)
assert type(three) == int, "expected an int not a float"
------------------

[0;31m---------------------------------------------------------------------------[0m
[0;31mAssertionError[0m                            Traceback (most recent call last)
Cell [0;32mIn[20], line 1[0m
[0;32m----> 1[0m [38;5;28;01massert[39;00m three [38;5;241m==[39m [38;5;241m3[39m, error_message(three, [38;5;241m3[39m)
[1;32m      2[0m [38;5;28;01massert[39;00m [38;5;28mtype[39m(three) [38;5;241m==[39m [38;5;28mint[39m, [38;5;124m"[39m[38;5;124mexpected an int not a float[39m[38;5;124m"[39m

[0;31mAssertionError[0m: Actual 3.3333333333333335 != Expected 3
AssertionError: Actual 3.3333333333333335 != Expected 3

