Traceback (most recent call last):
  File "/Users/nhlist/opt/miniconda3/envs/bb1000_ht23/lib/python3.9/site-packages/jupyter_cache/executors/utils.py", line 58, in single_nb_execution
    executenb(
  File "/Users/nhlist/opt/miniconda3/envs/bb1000_ht23/lib/python3.9/site-packages/nbclient/client.py", line 1204, in execute
    return NotebookClient(nb=nb, resources=resources, km=km, **kwargs).execute()
  File "/Users/nhlist/opt/miniconda3/envs/bb1000_ht23/lib/python3.9/site-packages/nbclient/util.py", line 84, in wrapped
    return just_run(coro(*args, **kwargs))
  File "/Users/nhlist/opt/miniconda3/envs/bb1000_ht23/lib/python3.9/site-packages/nbclient/util.py", line 62, in just_run
    return loop.run_until_complete(coro)
  File "/Users/nhlist/opt/miniconda3/envs/bb1000_ht23/lib/python3.9/asyncio/base_events.py", line 642, in run_until_complete
    return future.result()
  File "/Users/nhlist/opt/miniconda3/envs/bb1000_ht23/lib/python3.9/site-packages/nbclient/client.py", line 663, in async_execute
    await self.async_execute_cell(
  File "/Users/nhlist/opt/miniconda3/envs/bb1000_ht23/lib/python3.9/site-packages/nbclient/client.py", line 965, in async_execute_cell
    await self._check_raise_for_error(cell, cell_index, exec_reply)
  File "/Users/nhlist/opt/miniconda3/envs/bb1000_ht23/lib/python3.9/site-packages/nbclient/client.py", line 862, in _check_raise_for_error
    raise CellExecutionError.from_cell_and_msg(cell, exec_reply_content)
nbclient.exceptions.CellExecutionError: An error occurred while executing the following cell:
------------------
# Examples from lecture 4. 
# "return" in a function always returns an object. When there are multiple values in the return statement, it returns a tuple 

def sum_and_difference(x: float|int, y: float|int)->tuple[float|int, float|int]:
    """Calculate the sum and difference between two numbers

    Args:
        x (float | int): first number to use in calculation
        y (float | int): second number to use in calculation

    Returns:
        tuple[float | int, float | int]: tuple of sum and difference
    """
    sum = x + y
    difference = x - y
    return sum, difference

sum_and_diff = sum_and_difference(4,1)
print(sum_and_diff, type(sum_and_diff))

# Here we immediately unpack the tuple
sum, diff = sum_and_difference(4,1)
print(sum, diff, type(sum), type(diff))
------------------

[0;31m---------------------------------------------------------------------------[0m
[0;31mTypeError[0m                                 Traceback (most recent call last)
Cell [0;32mIn[3], line 4[0m
[1;32m      1[0m [38;5;66;03m# Examples from lecture 4. [39;00m
[1;32m      2[0m [38;5;66;03m# "return" in a function always returns an object. When there are multiple values in the return statement, it returns a tuple [39;00m
[0;32m----> 4[0m [38;5;28;01mdef[39;00m [38;5;21msum_and_difference[39m(x: [38;5;28;43mfloat[39;49m[38;5;241;43m|[39;49m[38;5;28;43mint[39;49m, y: [38;5;28mfloat[39m[38;5;241m|[39m[38;5;28mint[39m)[38;5;241m-[39m[38;5;241m>[39m[38;5;28mtuple[39m[[38;5;28mfloat[39m[38;5;241m|[39m[38;5;28mint[39m, [38;5;28mfloat[39m[38;5;241m|[39m[38;5;28mint[39m]:
[1;32m      5[0m [38;5;250m    [39m[38;5;124;03m"""Calculate the sum and difference between two numbers[39;00m
[1;32m      6[0m 
[1;32m      7[0m [38;5;124;03m    Args:[39;00m
[0;32m   (...)[0m
[1;32m     12[0m [38;5;124;03m        tuple[float | int, float | int]: tuple of sum and difference[39;00m
[1;32m     13[0m [38;5;124;03m    """[39;00m
[1;32m     14[0m     [38;5;28msum[39m [38;5;241m=[39m x [38;5;241m+[39m y

[0;31mTypeError[0m: unsupported operand type(s) for |: 'type' and 'type'
TypeError: unsupported operand type(s) for |: 'type' and 'type'

